<?xml version="1.0" encoding="utf-8" standalone="no"?>
<test-run id="2" testcasecount="28" result="Passed" total="28" passed="28" failed="0" inconclusive="0" skipped="0" asserts="64" engine-version="3.9.0.0" clr-version="4.0.30319.42000" start-time="2018-10-26 05:00:39Z" end-time="2018-10-26 05:03:32Z" duration="173.731076">
  <command-line><![CDATA[C:\Mugesh\FinalAssessment\ProjectManager\ProjectManagerService\packages\NUnit.ConsoleRunner.3.9.0\tools\nunit3-console.exe  C:\Mugesh\FinalAssessment\ProjectManager\ProjectManagerService\ProjectManagerService.Tests\bin\Debug\ProjectManagerService.Tests.dll]]></command-line>
  <test-suite type="Assembly" id="0-1033" name="ProjectManagerService.Tests.dll" fullname="ProjectManagerService.Tests.dll" runstate="Runnable" testcasecount="28" result="Passed" start-time="2018-10-26 05:00:46Z" end-time="2018-10-26 05:03:32Z" duration="166.195929" total="28" passed="28" failed="0" warnings="0" inconclusive="0" skipped="0" asserts="64">
    <environment framework-version="3.11.0.0" clr-version="4.0.30319.42000" os-version="Microsoft Windows NT 10.0.17134.0" platform="Win32NT" cwd="C:\Mugesh\FinalAssessment\ProjectManager\ProjectManagerService\ProjectManagerService.Tests" machine-name="DOTNET" user="Admin" user-domain="DOTNET" culture="en-IN" uiculture="en-US" os-architecture="x64" />
    <settings>
      <setting name="DisposeRunners" value="True" />
      <setting name="WorkDirectory" value="C:\Mugesh\FinalAssessment\ProjectManager\ProjectManagerService\ProjectManagerService.Tests" />
      <setting name="ImageRuntimeVersion" value="4.0.30319" />
      <setting name="ImageTargetFrameworkName" value=".NETFramework,Version=v4.5.2" />
      <setting name="ImageRequiresX86" value="False" />
      <setting name="ImageRequiresDefaultAppDomainAssemblyResolver" value="False" />
      <setting name="NumberOfTestWorkers" value="3" />
    </settings>
    <properties>
      <property name="_PID" value="3032" />
      <property name="_APPDOMAIN" value="domain-" />
    </properties>
    <test-suite type="TestSuite" id="0-1034" name="ProjectManagerService" fullname="ProjectManagerService" runstate="Runnable" testcasecount="28" result="Passed" start-time="2018-10-26 05:00:46Z" end-time="2018-10-26 05:03:32Z" duration="166.150840" total="28" passed="28" failed="0" warnings="0" inconclusive="0" skipped="0" asserts="64">
      <test-suite type="TestSuite" id="0-1035" name="Tests" fullname="ProjectManagerService.Tests" runstate="Runnable" testcasecount="28" result="Passed" start-time="2018-10-26 05:00:46Z" end-time="2018-10-26 05:03:32Z" duration="166.149076" total="28" passed="28" failed="0" warnings="0" inconclusive="0" skipped="0" asserts="64">
        <test-suite type="TestSuite" id="0-1037" name="LoadTest" fullname="ProjectManagerService.Tests.LoadTest" runstate="Runnable" testcasecount="4" result="Passed" start-time="2018-10-26 05:00:46Z" end-time="2018-10-26 05:03:30Z" duration="163.622923" total="4" passed="4" failed="0" warnings="0" inconclusive="0" skipped="0" asserts="0">
          <test-suite type="TestFixture" id="0-1027" name="MemoryTests" fullname="ProjectManagerService.Tests.LoadTest.MemoryTests" classname="ProjectManagerService.Tests.LoadTest.MemoryTests" runstate="Runnable" testcasecount="4" result="Passed" start-time="2018-10-26 05:00:46Z" end-time="2018-10-26 05:03:30Z" duration="163.611362" total="4" passed="4" failed="0" warnings="0" inconclusive="0" skipped="0" asserts="0">
            <test-suite type="ParameterizedMethod" id="0-1032" name="PerformanceTests" fullname="ProjectManagerService.Tests.LoadTest.MemoryTests.PerformanceTests" classname="ProjectManagerService.Tests.LoadTest.PerformanceTestStuite`1" runstate="Runnable" testcasecount="4" result="Passed" start-time="2018-10-26 05:00:46Z" end-time="2018-10-26 05:03:30Z" duration="163.593628" total="4" passed="4" failed="0" warnings="0" inconclusive="0" skipped="0" asserts="0">
              <test-case id="0-1028" name="GetUsersMemory_Test" fullname="ProjectManagerService.Tests.LoadTest.MemoryTests.GetUsersMemory_Test" methodname="PerformanceTests" classname="ProjectManagerService.Tests.LoadTest.PerformanceTestStuite`1" runstate="Runnable" seed="1056849393" result="Passed" start-time="2018-10-26 05:00:46Z" end-time="2018-10-26 05:01:21Z" duration="35.134734" asserts="0" />
              <test-case id="0-1029" name="GetProjectMemory_Test" fullname="ProjectManagerService.Tests.LoadTest.MemoryTests.GetProjectMemory_Test" methodname="PerformanceTests" classname="ProjectManagerService.Tests.LoadTest.PerformanceTestStuite`1" runstate="Runnable" seed="1028474343" result="Passed" start-time="2018-10-26 05:01:21Z" end-time="2018-10-26 05:02:07Z" duration="45.825565" asserts="0" />
              <test-case id="0-1030" name="GetTasksMemory_Test" fullname="ProjectManagerService.Tests.LoadTest.MemoryTests.GetTasksMemory_Test" methodname="PerformanceTests" classname="ProjectManagerService.Tests.LoadTest.PerformanceTestStuite`1" runstate="Runnable" seed="177326903" result="Passed" start-time="2018-10-26 05:02:07Z" end-time="2018-10-26 05:03:02Z" duration="55.260335" asserts="0" />
              <test-case id="0-1031" name="GetParentTasksMemory_Test" fullname="ProjectManagerService.Tests.LoadTest.MemoryTests.GetParentTasksMemory_Test" methodname="PerformanceTests" classname="ProjectManagerService.Tests.LoadTest.PerformanceTestStuite`1" runstate="Runnable" seed="597684331" result="Passed" start-time="2018-10-26 05:03:02Z" end-time="2018-10-26 05:03:30Z" duration="27.336446" asserts="0" />
            </test-suite>
          </test-suite>
        </test-suite>
        <test-suite type="TestSuite" id="0-1036" name="UnitTest" fullname="ProjectManagerService.Tests.UnitTest" runstate="Runnable" testcasecount="24" result="Passed" start-time="2018-10-26 05:00:46Z" end-time="2018-10-26 05:03:32Z" duration="166.148040" total="24" passed="24" failed="0" warnings="0" inconclusive="0" skipped="0" asserts="64">
          <test-suite type="TestFixture" id="0-1000" name="ProjectControllersTest" fullname="ProjectManagerService.Tests.UnitTest.ProjectControllersTest" classname="ProjectManagerService.Tests.UnitTest.ProjectControllersTest" runstate="Runnable" testcasecount="7" result="Passed" start-time="2018-10-26 05:03:30Z" end-time="2018-10-26 05:03:32Z" duration="2.185166" total="7" passed="7" failed="0" warnings="0" inconclusive="0" skipped="0" asserts="20">
            <test-case id="0-1003" name="AddProjectTest_Error" fullname="ProjectManagerService.Tests.UnitTest.ProjectControllersTest.AddProjectTest_Error" methodname="AddProjectTest_Error" classname="ProjectManagerService.Tests.UnitTest.ProjectControllersTest" runstate="Runnable" seed="1808264773" result="Passed" start-time="2018-10-26 05:03:30Z" end-time="2018-10-26 05:03:30Z" duration="0.059018" asserts="1" />
            <test-case id="0-1002" name="AddProjectTest_Success" fullname="ProjectManagerService.Tests.UnitTest.ProjectControllersTest.AddProjectTest_Success" methodname="AddProjectTest_Success" classname="ProjectManagerService.Tests.UnitTest.ProjectControllersTest" runstate="Runnable" seed="968371442" result="Passed" start-time="2018-10-26 05:03:30Z" end-time="2018-10-26 05:03:32Z" duration="1.797341" asserts="1" />
            <test-case id="0-1001" name="GetProjectsTest" fullname="ProjectManagerService.Tests.UnitTest.ProjectControllersTest.GetProjectsTest" methodname="GetProjectsTest" classname="ProjectManagerService.Tests.UnitTest.ProjectControllersTest" runstate="Runnable" seed="1643939337" result="Passed" start-time="2018-10-26 05:03:32Z" end-time="2018-10-26 05:03:32Z" duration="0.140269" asserts="14" />
            <test-case id="0-1007" name="SuspendProjectTest_Error" fullname="ProjectManagerService.Tests.UnitTest.ProjectControllersTest.SuspendProjectTest_Error" methodname="SuspendProjectTest_Error" classname="ProjectManagerService.Tests.UnitTest.ProjectControllersTest" runstate="Runnable" seed="495419356" result="Passed" start-time="2018-10-26 05:03:32Z" end-time="2018-10-26 05:03:32Z" duration="0.002572" asserts="1" />
            <test-case id="0-1006" name="SuspendProjectTest_Success" fullname="ProjectManagerService.Tests.UnitTest.ProjectControllersTest.SuspendProjectTest_Success" methodname="SuspendProjectTest_Success" classname="ProjectManagerService.Tests.UnitTest.ProjectControllersTest" runstate="Runnable" seed="784681383" result="Passed" start-time="2018-10-26 05:03:32Z" end-time="2018-10-26 05:03:32Z" duration="0.141713" asserts="1" />
            <test-case id="0-1005" name="UpdateProjectTest_Error" fullname="ProjectManagerService.Tests.UnitTest.ProjectControllersTest.UpdateProjectTest_Error" methodname="UpdateProjectTest_Error" classname="ProjectManagerService.Tests.UnitTest.ProjectControllersTest" runstate="Runnable" seed="1641634144" result="Passed" start-time="2018-10-26 05:03:32Z" end-time="2018-10-26 05:03:32Z" duration="0.004146" asserts="1" />
            <test-case id="0-1004" name="UpdateProjectTest_Success" fullname="ProjectManagerService.Tests.UnitTest.ProjectControllersTest.UpdateProjectTest_Success" methodname="UpdateProjectTest_Success" classname="ProjectManagerService.Tests.UnitTest.ProjectControllersTest" runstate="Runnable" seed="477429692" result="Passed" start-time="2018-10-26 05:03:32Z" end-time="2018-10-26 05:03:32Z" duration="0.037529" asserts="1" />
          </test-suite>
          <test-suite type="TestFixture" id="0-1008" name="TaskControllersTest" fullname="ProjectManagerService.Tests.UnitTest.TaskControllersTest" classname="ProjectManagerService.Tests.UnitTest.TaskControllersTest" runstate="Runnable" testcasecount="10" result="Passed" start-time="2018-10-26 05:03:32Z" end-time="2018-10-26 05:03:32Z" duration="0.214182" total="10" passed="10" failed="0" warnings="0" inconclusive="0" skipped="0" asserts="24">
            <test-case id="0-1014" name="AddParentTaskTest_Error" fullname="ProjectManagerService.Tests.UnitTest.TaskControllersTest.AddParentTaskTest_Error" methodname="AddParentTaskTest_Error" classname="ProjectManagerService.Tests.UnitTest.TaskControllersTest" runstate="Runnable" seed="1488703190" result="Passed" start-time="2018-10-26 05:03:32Z" end-time="2018-10-26 05:03:32Z" duration="0.010000" asserts="1" />
            <test-case id="0-1013" name="AddParentTaskTest_Success" fullname="ProjectManagerService.Tests.UnitTest.TaskControllersTest.AddParentTaskTest_Success" methodname="AddParentTaskTest_Success" classname="ProjectManagerService.Tests.UnitTest.TaskControllersTest" runstate="Runnable" seed="268885838" result="Passed" start-time="2018-10-26 05:03:32Z" end-time="2018-10-26 05:03:32Z" duration="0.009195" asserts="1" />
            <test-case id="0-1012" name="AddTaskTest_Error" fullname="ProjectManagerService.Tests.UnitTest.TaskControllersTest.AddTaskTest_Error" methodname="AddTaskTest_Error" classname="ProjectManagerService.Tests.UnitTest.TaskControllersTest" runstate="Runnable" seed="209421115" result="Passed" start-time="2018-10-26 05:03:32Z" end-time="2018-10-26 05:03:32Z" duration="0.024284" asserts="1" />
            <test-case id="0-1011" name="AddTaskTest_Success" fullname="ProjectManagerService.Tests.UnitTest.TaskControllersTest.AddTaskTest_Success" methodname="AddTaskTest_Success" classname="ProjectManagerService.Tests.UnitTest.TaskControllersTest" runstate="Runnable" seed="818109152" result="Passed" start-time="2018-10-26 05:03:32Z" end-time="2018-10-26 05:03:32Z" duration="0.015628" asserts="1" />
            <test-case id="0-1018" name="EndTaskTest_Error" fullname="ProjectManagerService.Tests.UnitTest.TaskControllersTest.EndTaskTest_Error" methodname="EndTaskTest_Error" classname="ProjectManagerService.Tests.UnitTest.TaskControllersTest" runstate="Runnable" seed="1450444863" result="Passed" start-time="2018-10-26 05:03:32Z" end-time="2018-10-26 05:03:32Z" duration="0.004213" asserts="1" />
            <test-case id="0-1017" name="EndTaskTest_Success" fullname="ProjectManagerService.Tests.UnitTest.TaskControllersTest.EndTaskTest_Success" methodname="EndTaskTest_Success" classname="ProjectManagerService.Tests.UnitTest.TaskControllersTest" runstate="Runnable" seed="1329002777" result="Passed" start-time="2018-10-26 05:03:32Z" end-time="2018-10-26 05:03:32Z" duration="0.011898" asserts="1" />
            <test-case id="0-1010" name="GetParentTasksTest" fullname="ProjectManagerService.Tests.UnitTest.TaskControllersTest.GetParentTasksTest" methodname="GetParentTasksTest" classname="ProjectManagerService.Tests.UnitTest.TaskControllersTest" runstate="Runnable" seed="1831740766" result="Passed" start-time="2018-10-26 05:03:32Z" end-time="2018-10-26 05:03:32Z" duration="0.012701" asserts="6" />
            <test-case id="0-1009" name="GetTasksTest" fullname="ProjectManagerService.Tests.UnitTest.TaskControllersTest.GetTasksTest" methodname="GetTasksTest" classname="ProjectManagerService.Tests.UnitTest.TaskControllersTest" runstate="Runnable" seed="731881266" result="Passed" start-time="2018-10-26 05:03:32Z" end-time="2018-10-26 05:03:32Z" duration="0.104450" asserts="10" />
            <test-case id="0-1016" name="UpdateTaskTest_Error" fullname="ProjectManagerService.Tests.UnitTest.TaskControllersTest.UpdateTaskTest_Error" methodname="UpdateTaskTest_Error" classname="ProjectManagerService.Tests.UnitTest.TaskControllersTest" runstate="Runnable" seed="108815658" result="Passed" start-time="2018-10-26 05:03:32Z" end-time="2018-10-26 05:03:32Z" duration="0.004288" asserts="1" />
            <test-case id="0-1015" name="UpdateTaskTest_Success" fullname="ProjectManagerService.Tests.UnitTest.TaskControllersTest.UpdateTaskTest_Success" methodname="UpdateTaskTest_Success" classname="ProjectManagerService.Tests.UnitTest.TaskControllersTest" runstate="Runnable" seed="2005974180" result="Passed" start-time="2018-10-26 05:03:32Z" end-time="2018-10-26 05:03:32Z" duration="0.016188" asserts="1" />
          </test-suite>
          <test-suite type="TestFixture" id="0-1019" name="UsersControllersTest" fullname="ProjectManagerService.Tests.UnitTest.UsersControllersTest" classname="ProjectManagerService.Tests.UnitTest.UsersControllersTest" runstate="Runnable" testcasecount="7" result="Passed" start-time="2018-10-26 05:03:32Z" end-time="2018-10-26 05:03:32Z" duration="0.121512" total="7" passed="7" failed="0" warnings="0" inconclusive="0" skipped="0" asserts="20">
            <test-case id="0-1022" name="AddUserTest_Error" fullname="ProjectManagerService.Tests.UnitTest.UsersControllersTest.AddUserTest_Error" methodname="AddUserTest_Error" classname="ProjectManagerService.Tests.UnitTest.UsersControllersTest" runstate="Runnable" seed="699598965" result="Passed" start-time="2018-10-26 05:03:32Z" end-time="2018-10-26 05:03:32Z" duration="0.013391" asserts="1" />
            <test-case id="0-1021" name="AddUserTest_Success" fullname="ProjectManagerService.Tests.UnitTest.UsersControllersTest.AddUserTest_Success" methodname="AddUserTest_Success" classname="ProjectManagerService.Tests.UnitTest.UsersControllersTest" runstate="Runnable" seed="126664249" result="Passed" start-time="2018-10-26 05:03:32Z" end-time="2018-10-26 05:03:32Z" duration="0.020537" asserts="1" />
            <test-case id="0-1026" name="DeleteUserTest_Error" fullname="ProjectManagerService.Tests.UnitTest.UsersControllersTest.DeleteUserTest_Error" methodname="DeleteUserTest_Error" classname="ProjectManagerService.Tests.UnitTest.UsersControllersTest" runstate="Runnable" seed="1451872072" result="Passed" start-time="2018-10-26 05:03:32Z" end-time="2018-10-26 05:03:32Z" duration="0.006898" asserts="1" />
            <test-case id="0-1025" name="DeleteUserTest_Success" fullname="ProjectManagerService.Tests.UnitTest.UsersControllersTest.DeleteUserTest_Success" methodname="DeleteUserTest_Success" classname="ProjectManagerService.Tests.UnitTest.UsersControllersTest" runstate="Runnable" seed="679848303" result="Passed" start-time="2018-10-26 05:03:32Z" end-time="2018-10-26 05:03:32Z" duration="0.032350" asserts="1" />
            <test-case id="0-1020" name="GetUsersTest" fullname="ProjectManagerService.Tests.UnitTest.UsersControllersTest.GetUsersTest" methodname="GetUsersTest" classname="ProjectManagerService.Tests.UnitTest.UsersControllersTest" runstate="Runnable" seed="1363198223" result="Passed" start-time="2018-10-26 05:03:32Z" end-time="2018-10-26 05:03:32Z" duration="0.028849" asserts="14" />
            <test-case id="0-1024" name="UpdateUserTest_Error" fullname="ProjectManagerService.Tests.UnitTest.UsersControllersTest.UpdateUserTest_Error" methodname="UpdateUserTest_Error" classname="ProjectManagerService.Tests.UnitTest.UsersControllersTest" runstate="Runnable" seed="843199833" result="Passed" start-time="2018-10-26 05:03:32Z" end-time="2018-10-26 05:03:32Z" duration="0.007235" asserts="1" />
            <test-case id="0-1023" name="UpdateUserTest_Success" fullname="ProjectManagerService.Tests.UnitTest.UsersControllersTest.UpdateUserTest_Success" methodname="UpdateUserTest_Success" classname="ProjectManagerService.Tests.UnitTest.UsersControllersTest" runstate="Runnable" seed="1295251793" result="Passed" start-time="2018-10-26 05:03:32Z" end-time="2018-10-26 05:03:32Z" duration="0.011172" asserts="1" />
          </test-suite>
        </test-suite>
      </test-suite>
    </test-suite>
  </test-suite>
</test-run>